{
"src/components/Hello/Hello.tsx":{"path":"src/components/Hello/Hello.tsx","statementMap":{"1":{"start":{"line":1,"column":0},"end":{"line":1,"column":31}},"2":{"start":{"line":6,"column":0},"end":{"line":10,"column":1}},"3":{"start":{"line":6,"column":20},"end":{"line":6,"column":51}},"4":{"start":{"line":7,"column":4},"end":{"line":9,"column":5}},"5":{"start":{"line":8,"column":8},"end":{"line":8,"column":51}},"6":{"start":{"line":10,"column":0},"end":{"line":10,"column":1}},"7":{"start":{"line":12,"column":0},"end":{"line":null,"column":-1}}},"fnMap":{"1":{"name":"(anonymous_3)","line":6,"loc":{"start":{"line":6,"column":0},"end":{"line":null,"column":-1}}},"2":{"name":"(anonymous_5)","line":7,"loc":{"start":{"line":7,"column":4},"end":{"line":null,"column":-1}}}},"branchMap":{},"s":{"1":1,"2":2,"3":2,"4":1,"5":1,"6":1,"7":1},"b":{},"f":{"1":2,"2":1},"l":{"1":1,"6":2,"7":1,"8":1,"10":1,"12":1}}}
