{"/Users/ramams/dev/typescript-starter-react-redux/build/components/Hello/Hello.js":{"path":"/Users/ramams/dev/typescript-starter-react-redux/build/components/Hello/Hello.js","s":{"1":1,"2":1,"3":0,"4":0,"5":1,"6":1,"7":1,"8":1,"9":1,"10":1,"11":1,"12":1,"13":1,"14":1,"15":1,"16":1,"17":1},"b":{"1":[1,1,1],"2":[0,0],"3":[0,1]},"f":{"1":1,"2":1,"3":1,"4":1,"5":1},"fnMap":{"1":{"name":"(anonymous_1)","line":2,"loc":{"start":{"line":2,"column":44},"end":{"line":2,"column":60}}},"2":{"name":"__","line":4,"loc":{"start":{"line":4,"column":4},"end":{"line":4,"column":18}}},"3":{"name":"(anonymous_3)","line":8,"loc":{"start":{"line":8,"column":13},"end":{"line":8,"column":31}}},"4":{"name":"Hello","line":10,"loc":{"start":{"line":10,"column":4},"end":{"line":10,"column":21}}},"5":{"name":"(anonymous_5)","line":13,"loc":{"start":{"line":13,"column":29},"end":{"line":13,"column":41}}}},"statementMap":{"1":{"start":{"line":2,"column":0},"end":{"line":6,"column":2}},"2":{"start":{"line":3,"column":4},"end":{"line":3,"column":58}},"3":{"start":{"line":3,"column":21},"end":{"line":3,"column":58}},"4":{"start":{"line":3,"column":46},"end":{"line":3,"column":58}},"5":{"start":{"line":4,"column":4},"end":{"line":4,"column":43}},"6":{"start":{"line":4,"column":20},"end":{"line":4,"column":41}},"7":{"start":{"line":5,"column":4},"end":{"line":5,"column":89}},"8":{"start":{"line":7,"column":0},"end":{"line":7,"column":29}},"9":{"start":{"line":8,"column":0},"end":{"line":19,"column":20}},"10":{"start":{"line":9,"column":4},"end":{"line":9,"column":29}},"11":{"start":{"line":10,"column":4},"end":{"line":12,"column":5}},"12":{"start":{"line":11,"column":8},"end":{"line":11,"column":38}},"13":{"start":{"line":13,"column":4},"end":{"line":17,"column":6}},"14":{"start":{"line":14,"column":8},"end":{"line":16,"column":32}},"15":{"start":{"line":18,"column":4},"end":{"line":18,"column":17}},"16":{"start":{"line":20,"column":0},"end":{"line":20,"column":62}},"17":{"start":{"line":21,"column":0},"end":{"line":21,"column":24}}},"branchMap":{"1":{"line":2,"type":"binary-expr","locations":[{"start":{"line":2,"column":17},"end":{"line":2,"column":21}},{"start":{"line":2,"column":25},"end":{"line":2,"column":39}},{"start":{"line":2,"column":44},"end":{"line":6,"column":1}}]},"2":{"line":3,"type":"if","locations":[{"start":{"line":3,"column":21},"end":{"line":3,"column":21}},{"start":{"line":3,"column":21},"end":{"line":3,"column":21}}]},"3":{"line":5,"type":"cond-expr","locations":[{"start":{"line":5,"column":31},"end":{"line":5,"column":47}},{"start":{"line":5,"column":51},"end":{"line":5,"column":87}}]}}}}